<?xml version="1.0" encoding="UTF-8"?>
<!-- Generated by org.testng.reporters.JUnitXMLReporter -->
<testsuite hostname="SIT-PC" ignored="0" name="Test" tests="3" failures="2" timestamp="27 May 2018 06:43:57 GMT" time="61.552" errors="0">
  <testcase name="access" time="32.303" classname="com.qa.AccessingElem"/>
  <testcase name="access" time="12.723" classname="com.qa.AccessingElem">
    <failure type="java.lang.AssertionError" message="expected [CRMPRO] but found [Free CRM software in the cloud powers sales and customer service]">
      <![CDATA[java.lang.AssertionError: expected [CRMPRO] but found [Free CRM software in the cloud powers sales and customer service]at com.qa.AccessingElem.access(AccessingElem.java:57)... Removed 31 stack frames]]>
    </failure>
  </testcase> <!-- access -->
  <testcase name="access" time="14.463" classname="com.qa.AccessingElem">
    <failure type="java.lang.AssertionError" message="expected [CRMPRO] but found [Free CRM software in the cloud powers sales and customer service]">
      <![CDATA[java.lang.AssertionError: expected [CRMPRO] but found [Free CRM software in the cloud powers sales and customer service]at com.qa.AccessingElem.access(AccessingElem.java:57)... Removed 31 stack frames]]>
    </failure>
  </testcase> <!-- access -->
</testsuite> <!-- Test -->
